\BOOKMARK [1][-]{section*.1}{Contents}{}% 1
\BOOKMARK [1][-]{section.1}{Module gui}{}% 2
\BOOKMARK [2][-]{subsection.1.1}{Class gui}{section.1}% 3
\BOOKMARK [3][-]{subsubsection.1.1.1}{Methods}{subsection.1.1}% 4
\BOOKMARK [3][-]{subsubsection.1.1.2}{Properties}{subsection.1.1}% 5
\BOOKMARK [1][-]{section.2}{Module host}{}% 6
\BOOKMARK [2][-]{subsection.2.1}{Variables}{section.2}% 7
\BOOKMARK [2][-]{subsection.2.2}{Class Host}{section.2}% 8
\BOOKMARK [3][-]{subsubsection.2.2.1}{Methods}{subsection.2.2}% 9
\BOOKMARK [1][-]{section.3}{Module message}{}% 10
\BOOKMARK [2][-]{subsection.3.1}{Functions}{section.3}% 11
\BOOKMARK [2][-]{subsection.3.2}{Variables}{section.3}% 12
\BOOKMARK [2][-]{subsection.3.3}{Class ByeMessage}{section.3}% 13
\BOOKMARK [3][-]{subsubsection.3.3.1}{Methods}{subsection.3.3}% 14
\BOOKMARK [3][-]{subsubsection.3.3.2}{Properties}{subsection.3.3}% 15
\BOOKMARK [2][-]{subsection.3.4}{Class HeloMessage}{section.3}% 16
\BOOKMARK [3][-]{subsubsection.3.4.1}{Methods}{subsection.3.4}% 17
\BOOKMARK [3][-]{subsubsection.3.4.2}{Properties}{subsection.3.4}% 18
\BOOKMARK [2][-]{subsection.3.5}{Class History}{section.3}% 19
\BOOKMARK [3][-]{subsubsection.3.5.1}{Methods}{subsection.3.5}% 20
\BOOKMARK [2][-]{subsection.3.6}{Class HistoryExchangeMessage}{section.3}% 21
\BOOKMARK [3][-]{subsubsection.3.6.1}{Methods}{subsection.3.6}% 22
\BOOKMARK [3][-]{subsubsection.3.6.2}{Properties}{subsection.3.6}% 23
\BOOKMARK [2][-]{subsection.3.7}{Class HostExchangeMessage}{section.3}% 24
\BOOKMARK [3][-]{subsubsection.3.7.1}{Methods}{subsection.3.7}% 25
\BOOKMARK [3][-]{subsubsection.3.7.2}{Properties}{subsection.3.7}% 26
\BOOKMARK [2][-]{subsection.3.8}{Class Message}{section.3}% 27
\BOOKMARK [3][-]{subsubsection.3.8.1}{Methods}{subsection.3.8}% 28
\BOOKMARK [3][-]{subsubsection.3.8.2}{Properties}{subsection.3.8}% 29
\BOOKMARK [2][-]{subsection.3.9}{Class MessageException}{section.3}% 30
\BOOKMARK [3][-]{subsubsection.3.9.1}{Methods}{subsection.3.9}% 31
\BOOKMARK [3][-]{subsubsection.3.9.2}{Properties}{subsection.3.9}% 32
\BOOKMARK [2][-]{subsection.3.10}{Class TextMessage}{section.3}% 33
\BOOKMARK [3][-]{subsubsection.3.10.1}{Methods}{subsection.3.10}% 34
\BOOKMARK [3][-]{subsubsection.3.10.2}{Properties}{subsection.3.10}% 35
\BOOKMARK [1][-]{section.4}{Module peer}{}% 36
\BOOKMARK [2][-]{subsection.4.1}{Variables}{section.4}% 37
\BOOKMARK [2][-]{subsection.4.2}{Class Peer}{section.4}% 38
\BOOKMARK [3][-]{subsubsection.4.2.1}{Methods}{subsection.4.2}% 39
\BOOKMARK [1][-]{section*.2}{Index}{}% 40
